{"level":"info","message":"Server started on port 3001"}
{"level":"info","message":"createWallet payload: {}"}
{"level":"info","message":"createWallet payload: {\"name\":\"KIthome Wallet\",\"currency\":\"KSH\"}"}
{"level":"info","message":"createWallet payload: {\"name\":\"KIthome Wallet\",\"currency\":\"Ksh\"}"}
{"level":"info","message":"Server started on port 3001"}
{"level":"info","message":"createWallet payload: {\"name\":\"KIthome Wallet\",\"currency\":\"Ksh\"}"}
{"level":"info","message":"Server started on port 3001"}
{"level":"info","message":"createWallet payload: {\"name\":\"KIthome Wallet\",\"currency\":\"Ksh\"}"}
{"level":"info","message":"Server started on port 3001"}
{"level":"info","message":"Server started on port 3001"}
{"level":"info","message":"createWallet payload: {\"name\":\"KIthome Wallet\",\"currency\":\"Ksh\"}"}
{"level":"info","message":"Server started on port 3001"}
{"level":"info","message":"Server started on port 3001"}
{"level":"info","message":"Server started on port 3001"}
{"level":"info","message":"Server started on port 3001"}
{"level":"info","message":"Server started on port 3001"}
{"level":"info","message":"createWallet payload: {\"name\":\"KIthome Wallet\",\"currency\":\"Ksh\"}"}
{"level":"info","message":"Server started on port http://locations:3001"}
{"level":"info","message":"Server started on port http://localhost:3001"}
{"level":"info","message":"Server started on port http://localhost:3001"}
